<?xml version="1.0" encoding="UTF-8"?>
<!-- Generated by org.testng.reporters.JUnitReportReporter -->
<testsuite skipped="0" hostname="krishnas-Air" name="com.crm.qa.testcases.ContactsPageTest" tests="4" failures="0" timestamp="20 Jun 2019 03:52:36 GMT" time="128.980" errors="0">
  <testcase name="verifyContactTest" time="29.608" classname="com.crm.qa.testcases.ContactsPageTest"/>
  <testcase name="verifyNewContactPageTest" time="34.724" classname="com.crm.qa.testcases.ContactsPageTest"/>
  <testcase name="verifyNewContactTest" time="31.802" classname="com.crm.qa.testcases.ContactsPageTest"/>
  <testcase name="verifyNewContactTest" time="32.846" classname="com.crm.qa.testcases.ContactsPageTest"/>
</testsuite> <!-- com.crm.qa.testcases.ContactsPageTest -->
