<?xml version="1.0" encoding="UTF-8"?>
<!-- Generated by org.testng.reporters.JUnitReportReporter -->
<testsuite skipped="0" hostname="krishnas-Air" name="com.crm.qa.testcases.ContactsPageTest" tests="4" failures="0" timestamp="21 Jun 2019 01:22:40 GMT" time="44.466" errors="0">
  <testcase name="verifyContactTest" time="9.720" classname="com.crm.qa.testcases.ContactsPageTest"/>
  <testcase name="verifyNewContactPageTest" time="9.870" classname="com.crm.qa.testcases.ContactsPageTest"/>
  <testcase name="verifyNewContactTest" time="12.635" classname="com.crm.qa.testcases.ContactsPageTest"/>
  <testcase name="verifyNewContactTest" time="12.241" classname="com.crm.qa.testcases.ContactsPageTest"/>
</testsuite> <!-- com.crm.qa.testcases.ContactsPageTest -->
