<?xml version="1.0" encoding="UTF-8"?>
<!-- Generated by org.testng.reporters.JUnitReportReporter -->
<testsuite skipped="1" hostname="krishnas-Air" name="com.crm.qa.testcases.HomePageTest" tests="2" failures="0" timestamp="21 Jun 2019 01:22:40 GMT" time="10.335" errors="0">
  <testcase name="verifyHomePage" time="10.335" classname="com.crm.qa.testcases.HomePageTest"/>
  <testcase name="verifyContactPage" classname="com.crm.qa.testcases.HomePageTest">
    <skipped/>
  </testcase> <!-- verifyContactPage -->
</testsuite> <!-- com.crm.qa.testcases.HomePageTest -->
