<?xml version="1.0" encoding="UTF-8"?>
<!-- Generated by org.testng.reporters.JUnitReportReporter -->
<testsuite skipped="0" hostname="krishnas-Air" name="com.crm.qa.testcases.LoginPageTest" tests="2" failures="0" timestamp="20 Jun 2019 03:52:36 GMT" time="14.388" errors="0">
  <testcase name="loginPageTileTest" time="7.638" classname="com.crm.qa.testcases.LoginPageTest"/>
  <testcase name="loginTest" time="6.750" classname="com.crm.qa.testcases.LoginPageTest"/>
</testsuite> <!-- com.crm.qa.testcases.LoginPageTest -->
