<?xml version="1.0" encoding="UTF-8"?>
<!-- Generated by org.testng.reporters.JUnitReportReporter -->
<testsuite skipped="0" hostname="krishnas-Air" name="com.crm.qa.testcases.LoginPageTest" tests="2" failures="0" timestamp="20 Jun 2019 09:15:36 GMT" time="50.451" errors="0">
  <testcase name="loginPageTileTest" time="10.859" classname="com.crm.qa.testcases.LoginPageTest"/>
  <testcase name="loginTest" time="39.592" classname="com.crm.qa.testcases.LoginPageTest"/>
</testsuite> <!-- com.crm.qa.testcases.LoginPageTest -->
