<?xml version="1.0" encoding="UTF-8"?>
<!-- Generated by org.testng.reporters.JUnitReportReporter -->
<testsuite skipped="0" hostname="krishnas-Air" name="com.crm.qa.testcases.LoginPageTest" tests="2" failures="0" timestamp="21 Jun 2019 01:22:40 GMT" time="22.107" errors="0">
  <testcase name="loginPageTileTest" time="7.479" classname="com.crm.qa.testcases.LoginPageTest"/>
  <testcase name="loginTest" time="14.628" classname="com.crm.qa.testcases.LoginPageTest"/>
</testsuite> <!-- com.crm.qa.testcases.LoginPageTest -->
